2019-06-11 23:32:10 ERROR ProcessData:88 - Wrong format in planes.txt.
2019-06-12 20:02:31 INFO  Application:15 - Application started...
2019-06-12 20:02:31 INFO  Application:26 - Application stopped.
2019-06-12 21:00:56 INFO  Application:17 - Application started...
2019-06-12 21:00:56 INFO  Application:28 - Application stopped.
2019-06-12 21:03:09 INFO  Application:17 - Application started...
2019-06-12 21:03:09 INFO  Application:28 - Application stopped.
2019-06-12 21:36:42 INFO  Application:20 - Application started...
2019-06-12 21:36:42 INFO  Application:26 - Application stopped.
2019-06-12 23:47:43 INFO  Application:20 - Application started...
2019-06-12 23:47:43 INFO  Application:26 - Application stopped.
2019-06-12 23:51:49 INFO  Application:20 - Application started...
2019-06-12 23:51:49 INFO  Application:26 - Application stopped.
2019-06-12 23:52:18 INFO  Application:20 - Application started...
2019-06-12 23:52:18 INFO  Application:26 - Application stopped.
2019-06-12 23:53:03 INFO  Application:20 - Application started...
2019-06-12 23:53:03 INFO  Application:26 - Application stopped.
2019-06-12 23:53:59 INFO  Application:20 - Application started...
2019-06-12 23:53:59 INFO  Application:26 - Application stopped.
2019-06-12 23:54:38 INFO  Application:20 - Application started...
2019-06-12 23:54:38 INFO  Application:26 - Application stopped.
2019-06-12 23:55:28 INFO  Application:20 - Application started...
2019-06-12 23:55:28 INFO  Application:26 - Application stopped.
2019-06-12 23:56:48 INFO  Application:20 - Application started...
2019-06-12 23:56:48 INFO  Application:26 - Application stopped.
2019-06-12 23:57:11 INFO  Application:20 - Application started...
2019-06-12 23:57:11 INFO  Application:26 - Application stopped.
2019-06-12 23:57:16 INFO  Application:20 - Application started...
2019-06-12 23:57:16 INFO  Application:26 - Application stopped.
2019-06-12 23:58:02 INFO  Application:20 - Application started...
2019-06-12 23:58:02 INFO  Application:26 - Application stopped.
2019-06-12 23:58:28 INFO  Application:20 - Application started...
2019-06-12 23:58:28 INFO  Application:26 - Application stopped.
2019-06-12 23:59:58 INFO  Application:20 - Application started...
2019-06-12 23:59:58 INFO  Application:26 - Application stopped.
2019-06-13 00:00:25 INFO  Application:20 - Application started...
2019-06-13 00:00:25 INFO  Application:26 - Application stopped.
2019-06-13 18:17:17 INFO  Application:20 - Application started...
2019-06-13 18:17:17 INFO  Application:26 - Application stopped.
2019-06-13 18:17:58 INFO  Application:20 - Application started...
2019-06-13 18:17:58 INFO  Application:26 - Application stopped.
2019-06-13 18:18:26 INFO  Application:20 - Application started...
2019-06-13 18:18:26 INFO  Application:26 - Application stopped.
2019-06-13 18:25:56 INFO  Application:21 - Application started...
2019-06-13 18:25:56 INFO  Application:27 - Application stopped.
2019-06-13 18:41:40 INFO  Application:22 - Application started...
2019-06-13 18:41:40 INFO  Application:28 - Application stopped.
2019-06-13 18:42:57 INFO  Application:22 - Application started...
2019-06-13 18:42:57 INFO  Application:28 - Application stopped.
2019-06-13 18:43:39 INFO  Application:22 - Application started...
2019-06-13 18:43:39 INFO  Application:28 - Application stopped.
2019-06-13 18:44:40 INFO  Application:22 - Application started...
2019-06-13 18:44:40 INFO  Application:28 - Application stopped.
2019-06-13 18:45:36 INFO  Application:22 - Application started...
2019-06-13 18:45:36 INFO  Application:28 - Application stopped.
2019-06-13 18:46:16 INFO  Application:22 - Application started...
2019-06-13 18:46:16 INFO  Application:28 - Application stopped.
2019-06-13 18:46:56 INFO  Application:20 - Application started...
2019-06-13 18:46:56 INFO  Application:26 - Application stopped.
2019-06-13 18:54:15 INFO  Application:21 - Application started...
2019-06-13 18:54:15 INFO  Application:27 - Application stopped.
2019-06-18 14:18:20 INFO  Application:22 - Application started...
2019-06-18 14:20:37 INFO  Application:22 - Application started...
2019-06-18 14:22:17 INFO  Application:22 - Application started...
2019-06-18 14:25:16 INFO  Application:22 - Application started...
2019-06-18 14:25:16 INFO  Application:26 - Application stopped.
2019-06-18 14:32:12 INFO  Application:22 - Application started...
2019-06-18 14:32:12 ERROR Airplane:17 - Error.Wrong string format!
2019-06-18 14:32:58 INFO  Application:22 - Application started...
2019-06-18 14:32:58 ERROR Airplane:17 - Wrong string format!
2019-06-18 17:22:37 INFO  Application:22 - Application started...
2019-06-18 17:22:37 ERROR Airplane:17 - Wrong string format.
2019-06-18 18:08:59 INFO  Application:22 - Application started...
2019-06-18 18:08:59 INFO  Application:26 - Application stopped.
2019-06-18 20:35:13 INFO  Application:22 - Application started...
2019-06-18 20:35:13 INFO  Application:26 - Application stopped.
2019-06-18 20:38:46 INFO  Application:18 - Application started...
2019-06-18 20:38:46 ERROR AirplanesFactory:93 - Illegal PassangerPlane parameters while parsing
2019-06-18 20:41:20 INFO  Application:18 - Application started...
2019-06-18 20:41:20 ERROR AirplanesFactory:92 - Illegal PassangerPlane parameters while parsing.
2019-06-18 20:41:58 INFO  Application:18 - Application started...
2019-06-18 20:41:58 ERROR AirplanesFactory:92 - Illegal PassangerPlane parameters while parsing.
2019-06-18 20:42:16 INFO  Application:18 - Application started...
2019-06-18 20:42:16 ERROR AirplanesFactory:92 - Illegal PassangerPlane parameters while parsing.
2019-06-18 20:43:49 INFO  Application:18 - Application started...
2019-06-18 20:45:22 ERROR AirplanesFactory:92 - Illegal PassangerPlane parameters while parsing.
2019-06-18 20:49:34 INFO  Application:18 - Application started...
2019-06-18 20:49:34 INFO  Application:24 - Application stopped.
2019-06-18 20:49:49 INFO  Application:18 - Application started...
2019-06-18 20:49:49 ERROR AirplanesFactory:57 - Illegal CargoPlane parameters while parsing
2019-06-18 20:50:09 INFO  Application:18 - Application started...
2019-06-18 20:50:09 ERROR AirplanesFactory:57 - Illegal CargoPlane parameters while parsing
2019-06-18 20:52:50 INFO  Application:18 - Application started...
2019-06-18 20:52:50 ERROR AirplanesFactory:57 - Illegal CargoPlane parameters while parsing.
2019-06-18 20:53:34 INFO  Application:18 - Application started...
2019-06-18 20:53:34 INFO  Application:24 - Application stopped.
2019-06-18 20:54:07 INFO  Application:18 - Application started...
2019-06-18 20:54:07 ERROR AirplanesFactory:92 - Illegal PassangerPlane parameters while parsing.
2019-06-18 20:54:14 INFO  Application:18 - Application started...
2019-06-18 20:54:14 INFO  Application:24 - Application stopped.
2019-06-18 20:54:56 INFO  Application:18 - Application started...
2019-06-18 20:54:56 INFO  Application:24 - Application stopped.
2019-06-18 20:56:36 INFO  Application:18 - Application started...
2019-06-18 20:56:36 INFO  Application:24 - Application stopped.
2019-06-19 00:05:33 INFO  Application:18 - Application started...
2019-06-19 00:05:33 INFO  Application:24 - Application stopped.
2019-06-19 00:07:50 INFO  Application:18 - Application started...
2019-06-19 00:07:50 INFO  Application:24 - Application stopped.
